{"/Users/arinavaslyayeva/MyProject2/project/src/diff.js": {"path":"/Users/arinavaslyayeva/MyProject2/project/src/diff.js","statementMap":{"0":{"start":{"line":1,"column":0},"end":{"line":1,"column":23}},"1":{"start":{"line":2,"column":0},"end":{"line":2,"column":20}},"2":{"start":{"line":3,"column":0},"end":{"line":3,"column":24}},"3":{"start":{"line":4,"column":0},"end":{"line":4,"column":0}},"4":{"start":{"line":5,"column":0},"end":{"line":5,"column":34}},"5":{"start":{"line":6,"column":0},"end":{"line":6,"column":92}},"6":{"start":{"line":7,"column":0},"end":{"line":7,"column":92}},"7":{"start":{"line":8,"column":0},"end":{"line":8,"column":59}},"8":{"start":{"line":9,"column":0},"end":{"line":9,"column":59}},"9":{"start":{"line":10,"column":0},"end":{"line":10,"column":35}},"10":{"start":{"line":11,"column":0},"end":{"line":11,"column":35}},"11":{"start":{"line":12,"column":0},"end":{"line":12,"column":37}},"12":{"start":{"line":13,"column":0},"end":{"line":13,"column":0}},"13":{"start":{"line":14,"column":0},"end":{"line":14,"column":42}},"14":{"start":{"line":15,"column":0},"end":{"line":15,"column":30}},"15":{"start":{"line":16,"column":0},"end":{"line":16,"column":29}},"16":{"start":{"line":17,"column":0},"end":{"line":17,"column":27}},"17":{"start":{"line":18,"column":0},"end":{"line":18,"column":42}},"18":{"start":{"line":19,"column":0},"end":{"line":19,"column":5}},"19":{"start":{"line":20,"column":0},"end":{"line":20,"column":27}},"20":{"start":{"line":21,"column":0},"end":{"line":21,"column":32}},"21":{"start":{"line":22,"column":0},"end":{"line":22,"column":45}},"22":{"start":{"line":23,"column":0},"end":{"line":23,"column":14}},"23":{"start":{"line":24,"column":0},"end":{"line":24,"column":45}},"24":{"start":{"line":25,"column":0},"end":{"line":25,"column":44}},"25":{"start":{"line":26,"column":0},"end":{"line":26,"column":7}},"26":{"start":{"line":27,"column":0},"end":{"line":27,"column":5}},"27":{"start":{"line":28,"column":0},"end":{"line":28,"column":15}},"28":{"start":{"line":29,"column":0},"end":{"line":29,"column":9}},"29":{"start":{"line":30,"column":0},"end":{"line":30,"column":0}},"30":{"start":{"line":31,"column":0},"end":{"line":31,"column":36}},"31":{"start":{"line":32,"column":0},"end":{"line":32,"column":2}}},"s":{"0":1,"1":1,"2":1,"3":1,"4":1,"5":1,"6":1,"7":1,"8":1,"9":1,"10":1,"11":1,"12":1,"13":1,"14":8,"15":8,"16":8,"17":6,"18":6,"19":8,"20":2,"21":0,"22":2,"23":2,"24":2,"25":2,"26":2,"27":8,"28":1,"29":1,"30":1,"31":1},"branchMap":{"0":{"type":"branch","line":1,"loc":{"start":{"line":1,"column":0},"end":{"line":32,"column":2}},"locations":[{"start":{"line":1,"column":0},"end":{"line":32,"column":2}}]},"1":{"type":"branch","line":5,"loc":{"start":{"line":5,"column":15},"end":{"line":32,"column":1}},"locations":[{"start":{"line":5,"column":15},"end":{"line":32,"column":1}}]},"2":{"type":"branch","line":6,"loc":{"start":{"line":6,"column":55},"end":{"line":6,"column":91}},"locations":[{"start":{"line":6,"column":55},"end":{"line":6,"column":91}}]},"3":{"type":"branch","line":7,"loc":{"start":{"line":7,"column":55},"end":{"line":7,"column":91}},"locations":[{"start":{"line":7,"column":55},"end":{"line":7,"column":91}}]},"4":{"type":"branch","line":14,"loc":{"start":{"line":14,"column":27},"end":{"line":29,"column":3}},"locations":[{"start":{"line":14,"column":27},"end":{"line":29,"column":3}}]},"5":{"type":"branch","line":17,"loc":{"start":{"line":17,"column":26},"end":{"line":19,"column":5}},"locations":[{"start":{"line":17,"column":26},"end":{"line":19,"column":5}}]},"6":{"type":"branch","line":20,"loc":{"start":{"line":20,"column":26},"end":{"line":27,"column":5}},"locations":[{"start":{"line":20,"column":26},"end":{"line":27,"column":5}}]},"7":{"type":"branch","line":21,"loc":{"start":{"line":21,"column":31},"end":{"line":23,"column":7}},"locations":[{"start":{"line":21,"column":31},"end":{"line":23,"column":7}}]}},"b":{"0":[1],"1":[1],"2":[0],"3":[0],"4":[8],"5":[6],"6":[2],"7":[0]},"fnMap":{"0":{"name":"default","decl":{"start":{"line":5,"column":15},"end":{"line":32,"column":1}},"loc":{"start":{"line":5,"column":15},"end":{"line":32,"column":1}},"line":5}},"f":{"0":1}}
}
